*** Starting uWSGI 2.0.20 (64bit) on [Sat Oct 15 11:12:38 2022] ***
compiled with version: 11.2.0 on 12 October 2022 13:09:22
os: Linux-5.15.0-50-generic #56-Ubuntu SMP Tue Sep 20 13:23:26 UTC 2022
nodename: wanpeng-virtual-machine
machine: x86_64
clock source: unix
detected number of CPU cores: 2
current working directory: /home/wanpeng/Desktop/django_blackhorse/django_blog/conf
writing pidfile to uwsgi.pid
detected binary path: /home/wanpeng/.virtualenv/py3-django/bin/uwsgi
!!! no internal routing support, rebuild with pcre support !!!
chdir() to /home/wanpeng/Desktop/django_blackhorse/django_blog/blog
your processes number limit is 15283
your memory page size is 4096 bytes
detected max file descriptor number: 1024
lock engine: pthread robust mutexes
thunder lock: disabled (you can enable it with --thunder-lock)
uwsgi socket 0 bound to TCP address :8000 fd 3
Python version: 3.10.6 (main, Aug 10 2022, 11:40:04) [GCC 11.3.0]
Python main interpreter initialized at 0x556d7bb556b0
python threads support enabled
your server socket listen backlog is limited to 100 connections
your mercy for graceful operations on workers is 60 seconds
mapped 416880 bytes (407 KB) for 8 cores
*** Operational MODE: preforking+threaded ***
WSGI app 0 (mountpoint='') ready in 0 seconds on interpreter 0x556d7bb556b0 pid: 3011 (default app)
*** uWSGI is running in multiple interpreter mode ***
spawned uWSGI master process (pid: 3011)
spawned uWSGI worker 1 (pid: 3012, cores: 2)
spawned uWSGI worker 2 (pid: 3013, cores: 2)
spawned uWSGI worker 3 (pid: 3014, cores: 2)
spawned uWSGI worker 4 (pid: 3016, cores: 2)
invalid request block size: 21573 (max 4096)...skip
invalid request block size: 21573 (max 4096)...skip
[pid: 3016|app: 0|req: 1/1] 192.168.179.1 () {42 vars in 846 bytes} [Sat Oct 15 11:12:49 2022] GET / => generated 896784 bytes in 2700 msecs (HTTP/1.1 200) 7 headers in 341 bytes (1 switches on core 1)
Not Found: /favicon.ico
Not Found: /favicon.ico
[pid: 3013|app: 0|req: 1/2] 192.168.179.1 () {42 vars in 801 bytes} [Sat Oct 15 11:12:52 2022] GET /favicon.ico => generated 4199 bytes in 265 msecs (HTTP/1.1 404) 7 headers in 346 bytes (1 switches on core 1)
SIGINT/SIGTERM received...killing workers...
worker 1 buried after 1 seconds
worker 2 buried after 1 seconds
worker 3 buried after 1 seconds
worker 4 buried after 1 seconds
goodbye to uWSGI.
